2020-02-21 12:24:22.023  INFO 44248 --- [restartedMain] c.c.c.ConfigServicePropertySourceLocator : Fetching config from server at : http://localhost:2525
2020-02-21 12:24:23.795  INFO 44248 --- [restartedMain] c.c.c.ConfigServicePropertySourceLocator : Located environment: name=image-service, profiles=[dev], label=null, version=00ccfd4c4377388ebf4928d43e69c92e9961c327, state=null
2020-02-21 12:24:23.795  INFO 44248 --- [restartedMain] b.c.PropertySourceBootstrapConfiguration : Located property source: [BootstrapPropertySource {name='bootstrapProperties-configClient'}, BootstrapPropertySource {name='bootstrapProperties-https://github.com/vatsank/config-info.git/application-dev.properties'}]
2020-02-21 12:24:23.805  INFO 44248 --- [restartedMain] c.e.d.CustomerImageServiceApplication    : The following profiles are active: dev
2020-02-21 12:24:24.479  INFO 44248 --- [restartedMain] .s.d.r.c.RepositoryConfigurationDelegate : Bootstrapping Spring Data JPA repositories in DEFAULT mode.
2020-02-21 12:24:24.489  INFO 44248 --- [restartedMain] .s.d.r.c.RepositoryConfigurationDelegate : Finished Spring Data repository scanning in 10ms. Found 1 JPA repository interfaces.
2020-02-21 12:24:24.592  INFO 44248 --- [restartedMain] o.s.cloud.context.scope.GenericScope     : BeanFactory id=614749ba-1ec1-3708-9bb7-51fcff52502a
2020-02-21 12:24:24.638  INFO 44248 --- [restartedMain] trationDelegate$BeanPostProcessorChecker : Bean 'org.springframework.transaction.annotation.ProxyTransactionManagementConfiguration' of type [org.springframework.transaction.annotation.ProxyTransactionManagementConfiguration$$EnhancerBySpringCGLIB$$accef9d2] is not eligible for getting processed by all BeanPostProcessors (for example: not eligible for auto-proxying)
2020-02-21 12:24:24.648  INFO 44248 --- [restartedMain] trationDelegate$BeanPostProcessorChecker : Bean 'org.springframework.hateoas.config.HateoasConfiguration' of type [org.springframework.hateoas.config.HateoasConfiguration$$EnhancerBySpringCGLIB$$2c4f4704] is not eligible for getting processed by all BeanPostProcessors (for example: not eligible for auto-proxying)
2020-02-21 12:24:24.919  INFO 44248 --- [restartedMain] o.s.b.w.embedded.tomcat.TomcatWebServer  : Tomcat initialized with port(s): 8080 (http)
2020-02-21 12:24:24.920  INFO 44248 --- [restartedMain] o.apache.catalina.core.StandardService   : Starting service [Tomcat]
2020-02-21 12:24:24.920  INFO 44248 --- [restartedMain] org.apache.catalina.core.StandardEngine  : Starting Servlet engine: [Apache Tomcat/9.0.30]
2020-02-21 12:24:25.044  INFO 44248 --- [restartedMain] o.a.c.c.C.[Tomcat].[localhost].[/]       : Initializing Spring embedded WebApplicationContext
2020-02-21 12:24:25.044  INFO 44248 --- [restartedMain] o.s.web.context.ContextLoader            : Root WebApplicationContext: initialization completed in 1236 ms
2020-02-21 12:24:25.114  WARN 44248 --- [restartedMain] c.n.c.sources.URLConfigurationSource     : No URLs will be polled as dynamic configuration sources.
2020-02-21 12:24:25.114  INFO 44248 --- [restartedMain] c.n.c.sources.URLConfigurationSource     : To enable URLs as dynamic configuration sources, define System property archaius.configurationSource.additionalUrls or make config.properties available on classpath.
2020-02-21 12:24:25.114  INFO 44248 --- [restartedMain] c.netflix.config.DynamicPropertyFactory  : DynamicPropertyFactory is initialized with configuration sources: com.netflix.config.ConcurrentCompositeConfiguration@2ed050ba
2020-02-21 12:24:26.157  INFO 44248 --- [restartedMain] o.s.b.a.e.web.ServletEndpointRegistrar   : Registered '/actuator/hystrix.stream' to hystrix.stream-actuator-endpoint
2020-02-21 12:24:26.207  INFO 44248 --- [restartedMain] com.zaxxer.hikari.HikariDataSource       : HikariPool-2 - Starting...
2020-02-21 12:24:26.211  INFO 44248 --- [restartedMain] com.zaxxer.hikari.HikariDataSource       : HikariPool-2 - Start completed.
2020-02-21 12:24:26.224  INFO 44248 --- [restartedMain] o.hibernate.jpa.internal.util.LogHelper  : HHH000204: Processing PersistenceUnitInfo [
	name: default
	...]
2020-02-21 12:24:26.237  INFO 44248 --- [restartedMain] org.hibernate.dialect.Dialect            : HHH000400: Using dialect: org.hibernate.dialect.MySQL5Dialect
2020-02-21 12:24:28.036  INFO 44248 --- [restartedMain] j.LocalContainerEntityManagerFactoryBean : Initialized JPA EntityManagerFactory for persistence unit 'default'
2020-02-21 12:24:28.069  INFO 44248 --- [restartedMain] o.s.b.d.a.OptionalLiveReloadServer       : LiveReload server is running on port 35729
2020-02-21 12:24:28.335  WARN 44248 --- [restartedMain] c.n.c.sources.URLConfigurationSource     : No URLs will be polled as dynamic configuration sources.
2020-02-21 12:24:28.335  INFO 44248 --- [restartedMain] c.n.c.sources.URLConfigurationSource     : To enable URLs as dynamic configuration sources, define System property archaius.configurationSource.additionalUrls or make config.properties available on classpath.
2020-02-21 12:24:28.472  INFO 44248 --- [restartedMain] o.s.s.concurrent.ThreadPoolTaskExecutor  : Initializing ExecutorService 'applicationTaskExecutor'
2020-02-21 12:24:28.488  WARN 44248 --- [restartedMain] aWebConfiguration$JpaWebMvcConfiguration : spring.jpa.open-in-view is enabled by default. Therefore, database queries may be performed during view rendering. Explicitly configure spring.jpa.open-in-view to disable this warning
2020-02-21 12:24:29.515  INFO 44248 --- [restartedMain] o.s.b.a.e.web.EndpointLinksResolver      : Exposing 21 endpoint(s) beneath base path '/actuator'
2020-02-21 12:24:29.585  INFO 44248 --- [restartedMain] o.s.c.n.eureka.InstanceInfoFactory       : Setting initial instance status as: STARTING
2020-02-21 12:24:29.590  INFO 44248 --- [restartedMain] com.netflix.discovery.DiscoveryClient    : Initializing Eureka in region us-east-1
2020-02-21 12:24:29.595  INFO 44248 --- [restartedMain] c.n.d.provider.DiscoveryJerseyProvider   : Using JSON encoding codec LegacyJacksonJson
2020-02-21 12:24:29.595  INFO 44248 --- [restartedMain] c.n.d.provider.DiscoveryJerseyProvider   : Using JSON decoding codec LegacyJacksonJson
2020-02-21 12:24:29.595  INFO 44248 --- [restartedMain] c.n.d.provider.DiscoveryJerseyProvider   : Using XML encoding codec XStreamXml
2020-02-21 12:24:29.595  INFO 44248 --- [restartedMain] c.n.d.provider.DiscoveryJerseyProvider   : Using XML decoding codec XStreamXml
2020-02-21 12:24:29.732  INFO 44248 --- [restartedMain] c.n.d.s.r.aws.ConfigClusterResolver      : Resolving eureka endpoints via configuration
2020-02-21 12:24:29.746  INFO 44248 --- [restartedMain] com.netflix.discovery.DiscoveryClient    : Disable delta property : false
2020-02-21 12:24:29.746  INFO 44248 --- [restartedMain] com.netflix.discovery.DiscoveryClient    : Single vip registry refresh property : null
2020-02-21 12:24:29.746  INFO 44248 --- [restartedMain] com.netflix.discovery.DiscoveryClient    : Force full registry fetch : false
2020-02-21 12:24:29.746  INFO 44248 --- [restartedMain] com.netflix.discovery.DiscoveryClient    : Application is null : false
2020-02-21 12:24:29.746  INFO 44248 --- [restartedMain] com.netflix.discovery.DiscoveryClient    : Registered Applications size is zero : true
2020-02-21 12:24:29.747  INFO 44248 --- [restartedMain] com.netflix.discovery.DiscoveryClient    : Application version is -1: true
2020-02-21 12:24:29.747  INFO 44248 --- [restartedMain] com.netflix.discovery.DiscoveryClient    : Getting all instance registry info from the eureka server
2020-02-21 12:24:29.752  INFO 44248 --- [restartedMain] com.netflix.discovery.DiscoveryClient    : The response status is 200
2020-02-21 12:24:29.754  INFO 44248 --- [restartedMain] com.netflix.discovery.DiscoveryClient    : Starting heartbeat executor: renew interval is: 30
2020-02-21 12:24:29.755  INFO 44248 --- [restartedMain] c.n.discovery.InstanceInfoReplicator     : InstanceInfoReplicator onDemand update allowed rate per min is 4
2020-02-21 12:24:29.756  INFO 44248 --- [restartedMain] com.netflix.discovery.DiscoveryClient    : Discovery Client initialized at timestamp 1582268069756 with initial instances count: 1
2020-02-21 12:24:29.763  INFO 44248 --- [restartedMain] o.s.c.n.e.s.EurekaServiceRegistry        : Registering application IMAGE-SERVICE with eureka with status UP
2020-02-21 12:24:29.764  INFO 44248 --- [restartedMain] com.netflix.discovery.DiscoveryClient    : Saw local status change event StatusChangeEvent [timestamp=1582268069764, current=UP, previous=STARTING]
2020-02-21 12:24:29.764  INFO 44248 --- [DiscoveryClient-InstanceInfoReplicator-0] com.netflix.discovery.DiscoveryClient    : DiscoveryClient_IMAGE-SERVICE/Vatsan:image-service:8080: registering service...
2020-02-21 12:24:29.775  INFO 44248 --- [DiscoveryClient-InstanceInfoReplicator-0] com.netflix.discovery.DiscoveryClient    : DiscoveryClient_IMAGE-SERVICE/Vatsan:image-service:8080 - registration status: 204
2020-02-21 12:24:29.787  INFO 44248 --- [restartedMain] o.s.b.w.embedded.tomcat.TomcatWebServer  : Tomcat started on port(s): 8080 (http) with context path ''
2020-02-21 12:24:29.788  INFO 44248 --- [restartedMain] .s.c.n.e.s.EurekaAutoServiceRegistration : Updating port to 8080
2020-02-21 12:24:30.427  INFO 44248 --- [restartedMain] c.e.d.CustomerImageServiceApplication    : Started CustomerImageServiceApplication in 9.766 seconds (JVM running for 71.415)
2020-02-21 12:24:30.433  INFO 44248 --- [restartedMain] .ConditionEvaluationDeltaLoggingListener : Condition evaluation unchanged
2020-02-21 12:24:31.512  INFO 44248 --- [RMI TCP Connection(11)-127.0.0.1] inMXBeanRegistrar$SpringApplicationAdmin : Application shutdown requested.
2020-02-21 12:24:31.515  INFO 44248 --- [RMI TCP Connection(11)-127.0.0.1] o.s.c.n.e.s.EurekaServiceRegistry        : Unregistering application IMAGE-SERVICE with eureka with status DOWN
2020-02-21 12:24:31.516  WARN 44248 --- [RMI TCP Connection(11)-127.0.0.1] com.netflix.discovery.DiscoveryClient    : Saw local status change event StatusChangeEvent [timestamp=1582268071516, current=DOWN, previous=UP]
2020-02-21 12:24:31.518  INFO 44248 --- [DiscoveryClient-InstanceInfoReplicator-0] com.netflix.discovery.DiscoveryClient    : DiscoveryClient_IMAGE-SERVICE/Vatsan:image-service:8080: registering service...
2020-02-21 12:24:31.532  INFO 44248 --- [DiscoveryClient-InstanceInfoReplicator-0] com.netflix.discovery.DiscoveryClient    : DiscoveryClient_IMAGE-SERVICE/Vatsan:image-service:8080 - registration status: 204
2020-02-21 12:24:31.532  INFO 44248 --- [RMI TCP Connection(11)-127.0.0.1] o.s.s.concurrent.ThreadPoolTaskExecutor  : Shutting down ExecutorService 'applicationTaskExecutor'
2020-02-21 12:24:31.534  INFO 44248 --- [RMI TCP Connection(11)-127.0.0.1] j.LocalContainerEntityManagerFactoryBean : Closing JPA EntityManagerFactory for persistence unit 'default'
2020-02-21 12:24:31.538  INFO 44248 --- [RMI TCP Connection(11)-127.0.0.1] com.netflix.discovery.DiscoveryClient    : Shutting down DiscoveryClient ...
2020-02-21 12:24:34.541  INFO 44248 --- [RMI TCP Connection(11)-127.0.0.1] com.netflix.discovery.DiscoveryClient    : Unregistering ...
2020-02-21 12:24:34.550  INFO 44248 --- [RMI TCP Connection(11)-127.0.0.1] com.netflix.discovery.DiscoveryClient    : DiscoveryClient_IMAGE-SERVICE/Vatsan:image-service:8080 - deregister  status: 200
2020-02-21 12:24:34.572  INFO 44248 --- [RMI TCP Connection(11)-127.0.0.1] com.netflix.discovery.DiscoveryClient    : Completed shut down of DiscoveryClient
2020-02-21 12:24:34.574  INFO 44248 --- [RMI TCP Connection(11)-127.0.0.1] com.zaxxer.hikari.HikariDataSource       : HikariPool-2 - Shutdown initiated...
2020-02-21 12:24:34.594  INFO 44248 --- [RMI TCP Connection(11)-127.0.0.1] com.zaxxer.hikari.HikariDataSource       : HikariPool-2 - Shutdown completed.
2020-02-21 12:24:34.982  INFO 44248 --- [RMI TCP Connection(11)-127.0.0.1] o.apache.catalina.core.StandardService   : Stopping service [Tomcat]
2020-02-21 12:24:43.781  INFO 51360 --- [restartedMain] c.c.c.ConfigServicePropertySourceLocator : Fetching config from server at : http://localhost:2525
2020-02-21 12:24:45.511  INFO 51360 --- [restartedMain] c.c.c.ConfigServicePropertySourceLocator : Located environment: name=image-service, profiles=[dev], label=null, version=00ccfd4c4377388ebf4928d43e69c92e9961c327, state=null
2020-02-21 12:24:45.512  INFO 51360 --- [restartedMain] b.c.PropertySourceBootstrapConfiguration : Located property source: [BootstrapPropertySource {name='bootstrapProperties-configClient'}, BootstrapPropertySource {name='bootstrapProperties-https://github.com/vatsank/config-info.git/application-dev.properties'}]
2020-02-21 12:24:45.559  INFO 51360 --- [restartedMain] c.e.d.CustomerImageServiceApplication    : The following profiles are active: dev
2020-02-21 12:24:46.826  INFO 51360 --- [restartedMain] .s.d.r.c.RepositoryConfigurationDelegate : Bootstrapping Spring Data JPA repositories in DEFAULT mode.
2020-02-21 12:24:46.903  INFO 51360 --- [restartedMain] .s.d.r.c.RepositoryConfigurationDelegate : Finished Spring Data repository scanning in 69ms. Found 1 JPA repository interfaces.
2020-02-21 12:24:47.162  WARN 51360 --- [restartedMain] o.s.boot.actuate.endpoint.EndpointId     : Endpoint ID 'service-registry' contains invalid characters, please migrate to a valid format.
2020-02-21 12:24:47.178  WARN 51360 --- [restartedMain] o.s.boot.actuate.endpoint.EndpointId     : Endpoint ID 'hystrix.stream' contains invalid characters, please migrate to a valid format.
2020-02-21 12:24:47.418  INFO 51360 --- [restartedMain] o.s.cloud.context.scope.GenericScope     : BeanFactory id=614749ba-1ec1-3708-9bb7-51fcff52502a
2020-02-21 12:24:47.578  INFO 51360 --- [restartedMain] trationDelegate$BeanPostProcessorChecker : Bean 'org.springframework.transaction.annotation.ProxyTransactionManagementConfiguration' of type [org.springframework.transaction.annotation.ProxyTransactionManagementConfiguration$$EnhancerBySpringCGLIB$$d55ee444] is not eligible for getting processed by all BeanPostProcessors (for example: not eligible for auto-proxying)
2020-02-21 12:24:47.828  INFO 51360 --- [restartedMain] trationDelegate$BeanPostProcessorChecker : Bean 'org.springframework.hateoas.config.HateoasConfiguration' of type [org.springframework.hateoas.config.HateoasConfiguration$$EnhancerBySpringCGLIB$$54df3176] is not eligible for getting processed by all BeanPostProcessors (for example: not eligible for auto-proxying)
2020-02-21 12:24:48.504  INFO 51360 --- [restartedMain] o.s.b.w.embedded.tomcat.TomcatWebServer  : Tomcat initialized with port(s): 8080 (http)
2020-02-21 12:24:48.533  INFO 51360 --- [restartedMain] o.apache.catalina.core.StandardService   : Starting service [Tomcat]
2020-02-21 12:24:48.534  INFO 51360 --- [restartedMain] org.apache.catalina.core.StandardEngine  : Starting Servlet engine: [Apache Tomcat/9.0.30]
2020-02-21 12:24:48.795  INFO 51360 --- [restartedMain] o.a.c.c.C.[Tomcat].[localhost].[/]       : Initializing Spring embedded WebApplicationContext
2020-02-21 12:24:48.796  INFO 51360 --- [restartedMain] o.s.web.context.ContextLoader            : Root WebApplicationContext: initialization completed in 3217 ms
2020-02-21 12:24:49.066  WARN 51360 --- [restartedMain] c.n.c.sources.URLConfigurationSource     : No URLs will be polled as dynamic configuration sources.
2020-02-21 12:24:49.067  INFO 51360 --- [restartedMain] c.n.c.sources.URLConfigurationSource     : To enable URLs as dynamic configuration sources, define System property archaius.configurationSource.additionalUrls or make config.properties available on classpath.
2020-02-21 12:24:49.080  INFO 51360 --- [restartedMain] c.netflix.config.DynamicPropertyFactory  : DynamicPropertyFactory is initialized with configuration sources: com.netflix.config.ConcurrentCompositeConfiguration@81ae141
2020-02-21 12:24:51.142  INFO 51360 --- [restartedMain] o.s.b.a.e.web.ServletEndpointRegistrar   : Registered '/actuator/hystrix.stream' to hystrix.stream-actuator-endpoint
2020-02-21 12:24:51.331  INFO 51360 --- [restartedMain] com.zaxxer.hikari.HikariDataSource       : HikariPool-1 - Starting...
2020-02-21 12:24:51.487  INFO 51360 --- [restartedMain] com.zaxxer.hikari.HikariDataSource       : HikariPool-1 - Start completed.
2020-02-21 12:24:51.564  INFO 51360 --- [restartedMain] o.hibernate.jpa.internal.util.LogHelper  : HHH000204: Processing PersistenceUnitInfo [
	name: default
	...]
2020-02-21 12:24:51.664  INFO 51360 --- [restartedMain] org.hibernate.Version                    : HHH000412: Hibernate Core {5.3.15.Final}
2020-02-21 12:24:51.666  INFO 51360 --- [restartedMain] org.hibernate.cfg.Environment            : HHH000206: hibernate.properties not found
2020-02-21 12:24:51.822  INFO 51360 --- [restartedMain] o.hibernate.annotations.common.Version   : HCANN000001: Hibernate Commons Annotations {5.0.4.Final}
2020-02-21 12:24:51.991  INFO 51360 --- [restartedMain] org.hibernate.dialect.Dialect            : HHH000400: Using dialect: org.hibernate.dialect.MySQL5Dialect
2020-02-21 12:24:54.303  INFO 51360 --- [restartedMain] j.LocalContainerEntityManagerFactoryBean : Initialized JPA EntityManagerFactory for persistence unit 'default'
2020-02-21 12:24:54.412  INFO 51360 --- [restartedMain] o.s.b.d.a.OptionalLiveReloadServer       : LiveReload server is running on port 35729
2020-02-21 12:24:55.674  WARN 51360 --- [restartedMain] c.n.c.sources.URLConfigurationSource     : No URLs will be polled as dynamic configuration sources.
2020-02-21 12:24:55.674  INFO 51360 --- [restartedMain] c.n.c.sources.URLConfigurationSource     : To enable URLs as dynamic configuration sources, define System property archaius.configurationSource.additionalUrls or make config.properties available on classpath.
2020-02-21 12:24:56.031  INFO 51360 --- [restartedMain] o.s.s.concurrent.ThreadPoolTaskExecutor  : Initializing ExecutorService 'applicationTaskExecutor'
2020-02-21 12:24:56.093  WARN 51360 --- [restartedMain] aWebConfiguration$JpaWebMvcConfiguration : spring.jpa.open-in-view is enabled by default. Therefore, database queries may be performed during view rendering. Explicitly configure spring.jpa.open-in-view to disable this warning
2020-02-21 12:24:57.985  INFO 51360 --- [restartedMain] o.s.b.a.e.web.EndpointLinksResolver      : Exposing 21 endpoint(s) beneath base path '/actuator'
2020-02-21 12:24:58.124  INFO 51360 --- [RMI TCP Connection(4)-127.0.0.1] o.a.c.c.C.[Tomcat].[localhost].[/]       : Initializing Spring DispatcherServlet 'dispatcherServlet'
2020-02-21 12:24:58.125  INFO 51360 --- [RMI TCP Connection(4)-127.0.0.1] o.s.web.servlet.DispatcherServlet        : Initializing Servlet 'dispatcherServlet'
2020-02-21 12:24:58.153  INFO 51360 --- [RMI TCP Connection(4)-127.0.0.1] o.s.web.servlet.DispatcherServlet        : Completed initialization in 27 ms
2020-02-21 12:24:58.224  INFO 51360 --- [restartedMain] o.s.c.n.eureka.InstanceInfoFactory       : Setting initial instance status as: STARTING
2020-02-21 12:24:58.301  INFO 51360 --- [restartedMain] com.netflix.discovery.DiscoveryClient    : Initializing Eureka in region us-east-1
2020-02-21 12:24:58.833  INFO 51360 --- [restartedMain] c.n.d.provider.DiscoveryJerseyProvider   : Using JSON encoding codec LegacyJacksonJson
2020-02-21 12:24:58.833  INFO 51360 --- [restartedMain] c.n.d.provider.DiscoveryJerseyProvider   : Using JSON decoding codec LegacyJacksonJson
2020-02-21 12:24:58.979  INFO 51360 --- [restartedMain] c.n.d.provider.DiscoveryJerseyProvider   : Using XML encoding codec XStreamXml
2020-02-21 12:24:58.980  INFO 51360 --- [restartedMain] c.n.d.provider.DiscoveryJerseyProvider   : Using XML decoding codec XStreamXml
2020-02-21 12:24:59.194  INFO 51360 --- [restartedMain] c.n.d.s.r.aws.ConfigClusterResolver      : Resolving eureka endpoints via configuration
2020-02-21 12:24:59.529  INFO 51360 --- [restartedMain] com.netflix.discovery.DiscoveryClient    : Disable delta property : false
2020-02-21 12:24:59.530  INFO 51360 --- [restartedMain] com.netflix.discovery.DiscoveryClient    : Single vip registry refresh property : null
2020-02-21 12:24:59.530  INFO 51360 --- [restartedMain] com.netflix.discovery.DiscoveryClient    : Force full registry fetch : false
2020-02-21 12:24:59.530  INFO 51360 --- [restartedMain] com.netflix.discovery.DiscoveryClient    : Application is null : false
2020-02-21 12:24:59.531  INFO 51360 --- [restartedMain] com.netflix.discovery.DiscoveryClient    : Registered Applications size is zero : true
2020-02-21 12:24:59.531  INFO 51360 --- [restartedMain] com.netflix.discovery.DiscoveryClient    : Application version is -1: true
2020-02-21 12:24:59.531  INFO 51360 --- [restartedMain] com.netflix.discovery.DiscoveryClient    : Getting all instance registry info from the eureka server
2020-02-21 12:24:59.679  INFO 51360 --- [restartedMain] com.netflix.discovery.DiscoveryClient    : The response status is 200
2020-02-21 12:24:59.682  INFO 51360 --- [restartedMain] com.netflix.discovery.DiscoveryClient    : Starting heartbeat executor: renew interval is: 30
2020-02-21 12:24:59.685  INFO 51360 --- [restartedMain] c.n.discovery.InstanceInfoReplicator     : InstanceInfoReplicator onDemand update allowed rate per min is 4
2020-02-21 12:24:59.691  INFO 51360 --- [restartedMain] com.netflix.discovery.DiscoveryClient    : Discovery Client initialized at timestamp 1582268099690 with initial instances count: 1
2020-02-21 12:24:59.705  INFO 51360 --- [restartedMain] o.s.c.n.e.s.EurekaServiceRegistry        : Registering application IMAGE-SERVICE with eureka with status UP
2020-02-21 12:24:59.706  INFO 51360 --- [restartedMain] com.netflix.discovery.DiscoveryClient    : Saw local status change event StatusChangeEvent [timestamp=1582268099706, current=UP, previous=STARTING]
2020-02-21 12:24:59.709  INFO 51360 --- [DiscoveryClient-InstanceInfoReplicator-0] com.netflix.discovery.DiscoveryClient    : DiscoveryClient_IMAGE-SERVICE/Vatsan:image-service:8080: registering service...
2020-02-21 12:24:59.743  INFO 51360 --- [DiscoveryClient-InstanceInfoReplicator-0] com.netflix.discovery.DiscoveryClient    : DiscoveryClient_IMAGE-SERVICE/Vatsan:image-service:8080 - registration status: 204
2020-02-21 12:24:59.753  INFO 51360 --- [restartedMain] o.s.b.w.embedded.tomcat.TomcatWebServer  : Tomcat started on port(s): 8080 (http) with context path ''
2020-02-21 12:24:59.755  INFO 51360 --- [restartedMain] .s.c.n.e.s.EurekaAutoServiceRegistration : Updating port to 8080
2020-02-21 12:25:00.466  INFO 51360 --- [restartedMain] c.e.d.CustomerImageServiceApplication    : Started CustomerImageServiceApplication in 19.095 seconds (JVM running for 20.432)
2020-02-21 12:25:30.786  INFO 51360 --- [Thread-10] o.s.c.n.e.s.EurekaServiceRegistry        : Unregistering application IMAGE-SERVICE with eureka with status DOWN
2020-02-21 12:25:30.787  WARN 51360 --- [Thread-10] com.netflix.discovery.DiscoveryClient    : Saw local status change event StatusChangeEvent [timestamp=1582268130787, current=DOWN, previous=UP]
2020-02-21 12:25:30.788  INFO 51360 --- [DiscoveryClient-InstanceInfoReplicator-0] com.netflix.discovery.DiscoveryClient    : DiscoveryClient_IMAGE-SERVICE/Vatsan:image-service:8080: registering service...
2020-02-21 12:25:30.794  INFO 51360 --- [DiscoveryClient-InstanceInfoReplicator-0] com.netflix.discovery.DiscoveryClient    : DiscoveryClient_IMAGE-SERVICE/Vatsan:image-service:8080 - registration status: 204
2020-02-21 12:25:30.796  INFO 51360 --- [Thread-10] o.s.s.concurrent.ThreadPoolTaskExecutor  : Shutting down ExecutorService 'applicationTaskExecutor'
2020-02-21 12:25:30.816  INFO 51360 --- [Thread-10] j.LocalContainerEntityManagerFactoryBean : Closing JPA EntityManagerFactory for persistence unit 'default'
2020-02-21 12:25:30.826  INFO 51360 --- [Thread-10] com.netflix.discovery.DiscoveryClient    : Shutting down DiscoveryClient ...
2020-02-21 12:25:33.830  INFO 51360 --- [Thread-10] com.netflix.discovery.DiscoveryClient    : Unregistering ...
2020-02-21 12:25:33.844  INFO 51360 --- [Thread-10] com.netflix.discovery.DiscoveryClient    : DiscoveryClient_IMAGE-SERVICE/Vatsan:image-service:8080 - deregister  status: 200
2020-02-21 12:25:33.876  INFO 51360 --- [Thread-10] com.netflix.discovery.DiscoveryClient    : Completed shut down of DiscoveryClient
2020-02-21 12:25:33.876  INFO 51360 --- [Thread-10] com.zaxxer.hikari.HikariDataSource       : HikariPool-1 - Shutdown initiated...
2020-02-21 12:25:33.893  INFO 51360 --- [Thread-10] com.zaxxer.hikari.HikariDataSource       : HikariPool-1 - Shutdown completed.
